[0.029s] Invoking command in '/home/surafel/vicon_ws/build/vicon_receiver': CMAKE_PREFIX_PATH=/opt/ros/humble /usr/bin/cmake --build /home/surafel/vicon_ws/build/vicon_receiver -- -j1 -l1
[0.146s] [  2%] Built target vicon_receiver__cpp
[0.168s] [35m[1mConsolidate compiler generated dependencies of target vicon_receiver__rosidl_typesupport_cpp[0m
[0.191s] [ 11%] Built target vicon_receiver__rosidl_typesupport_cpp
[0.210s] [35m[1mConsolidate compiler generated dependencies of target vicon_receiver__rosidl_generator_c[0m
[0.236s] [ 20%] Built target vicon_receiver__rosidl_generator_c
[0.257s] [35m[1mConsolidate compiler generated dependencies of target vicon_receiver__rosidl_typesupport_fastrtps_c[0m
[0.282s] [ 29%] Built target vicon_receiver__rosidl_typesupport_fastrtps_c
[0.301s] [35m[1mConsolidate compiler generated dependencies of target vicon_receiver__rosidl_typesupport_introspection_c[0m
[0.322s] [ 38%] Built target vicon_receiver__rosidl_typesupport_introspection_c
[0.346s] [35m[1mConsolidate compiler generated dependencies of target vicon_receiver__rosidl_typesupport_c[0m
[0.369s] [ 47%] Built target vicon_receiver__rosidl_typesupport_c
[0.389s] [35m[1mConsolidate compiler generated dependencies of target vicon_receiver__rosidl_typesupport_fastrtps_cpp[0m
[0.413s] [ 55%] Built target vicon_receiver__rosidl_typesupport_fastrtps_cpp
[0.435s] [35m[1mConsolidate compiler generated dependencies of target vicon_receiver__rosidl_typesupport_introspection_cpp[0m
[0.461s] [ 64%] Built target vicon_receiver__rosidl_typesupport_introspection_cpp
[0.501s] [ 64%] Built target vicon_receiver
[0.559s] [ 64%] Built target ament_cmake_python_symlink_vicon_receiver
[1.092s] running egg_info
[1.095s] writing vicon_receiver.egg-info/PKG-INFO
[1.095s] writing dependency_links to vicon_receiver.egg-info/dependency_links.txt
[1.097s] writing top-level names to vicon_receiver.egg-info/top_level.txt
[1.101s] reading manifest file 'vicon_receiver.egg-info/SOURCES.txt'
[1.102s] writing manifest file 'vicon_receiver.egg-info/SOURCES.txt'
[1.151s] [ 64%] Built target ament_cmake_python_build_vicon_receiver_egg
[1.191s] [ 67%] Built target vicon_receiver__py
[1.211s] [35m[1mConsolidate compiler generated dependencies of target vicon_receiver__rosidl_generator_py[0m
[1.233s] [ 73%] Built target vicon_receiver__rosidl_generator_py
[1.257s] [35m[1mConsolidate compiler generated dependencies of target vicon_receiver__rosidl_typesupport_fastrtps_c__pyext[0m
[1.283s] [ 79%] Built target vicon_receiver__rosidl_typesupport_fastrtps_c__pyext
[1.305s] [35m[1mConsolidate compiler generated dependencies of target vicon_receiver__rosidl_typesupport_introspection_c__pyext[0m
[1.330s] [ 85%] Built target vicon_receiver__rosidl_typesupport_introspection_c__pyext
[1.352s] [35m[1mConsolidate compiler generated dependencies of target vicon_receiver__rosidl_typesupport_c__pyext[0m
[1.377s] [ 91%] Built target vicon_receiver__rosidl_typesupport_c__pyext
[1.400s] [35m[1mConsolidate compiler generated dependencies of target vicon_client[0m
[1.454s] [ 94%] [32m[1mLinking CXX executable vicon_client[0m
[1.685s] /usr/bin/ld: warning: libboost_chrono-mt-x64.so.1.75.0, needed by /usr/lib/gcc/x86_64-linux-gnu/11/../../../../lib/libViconDataStreamSDK_CPP.so, not found (try using -rpath or -rpath-link)
[1.687s] /usr/bin/ld: warning: libboost_thread-mt-x64.so.1.75.0, needed by /usr/lib/gcc/x86_64-linux-gnu/11/../../../../lib/libViconDataStreamSDK_CPP.so, not found (try using -rpath or -rpath-link)
[1.879s] /usr/bin/ld: /usr/lib/gcc/x86_64-linux-gnu/11/../../../../lib/libViconDataStreamSDK_CPP.so: undefined reference to `boost::chrono::steady_clock::now()'
[1.893s] collect2: error: ld returned 1 exit status
[1.897s] gmake[2]: *** [CMakeFiles/vicon_client.dir/build.make:170: vicon_client] Error 1
[1.898s] gmake[1]: *** [CMakeFiles/Makefile2:594: CMakeFiles/vicon_client.dir/all] Error 2
[1.900s] gmake: *** [Makefile:146: all] Error 2
[1.903s] Invoked command in '/home/surafel/vicon_ws/build/vicon_receiver' returned '2': CMAKE_PREFIX_PATH=/opt/ros/humble /usr/bin/cmake --build /home/surafel/vicon_ws/build/vicon_receiver -- -j1 -l1
