[0.024s] Invoking command in '/home/surafel/vicon_ws/build/vicon_receiver': CMAKE_PREFIX_PATH=/opt/ros/humble /usr/bin/cmake --build /home/surafel/vicon_ws/build/vicon_receiver -- -j1 -l1
[0.147s] [  2%] Built target vicon_receiver__cpp
[0.190s] [ 11%] Built target vicon_receiver__rosidl_typesupport_cpp
[0.234s] [ 20%] Built target vicon_receiver__rosidl_generator_c
[0.277s] [ 29%] Built target vicon_receiver__rosidl_typesupport_fastrtps_c
[0.319s] [ 38%] Built target vicon_receiver__rosidl_typesupport_introspection_c
[0.372s] [ 47%] Built target vicon_receiver__rosidl_typesupport_c
[0.415s] [ 55%] Built target vicon_receiver__rosidl_typesupport_fastrtps_cpp
[0.466s] [ 64%] Built target vicon_receiver__rosidl_typesupport_introspection_cpp
[0.504s] [ 64%] Built target vicon_receiver
[0.562s] [ 64%] Built target ament_cmake_python_symlink_vicon_receiver
[1.112s] running egg_info
[1.115s] writing vicon_receiver.egg-info/PKG-INFO
[1.116s] writing dependency_links to vicon_receiver.egg-info/dependency_links.txt
[1.117s] writing top-level names to vicon_receiver.egg-info/top_level.txt
[1.120s] reading manifest file 'vicon_receiver.egg-info/SOURCES.txt'
[1.122s] writing manifest file 'vicon_receiver.egg-info/SOURCES.txt'
[1.178s] [ 64%] Built target ament_cmake_python_build_vicon_receiver_egg
[1.216s] [ 67%] Built target vicon_receiver__py
[1.261s] [ 73%] Built target vicon_receiver__rosidl_generator_py
[1.306s] [ 79%] Built target vicon_receiver__rosidl_typesupport_fastrtps_c__pyext
[1.354s] [ 85%] Built target vicon_receiver__rosidl_typesupport_introspection_c__pyext
[1.400s] [ 91%] Built target vicon_receiver__rosidl_typesupport_c__pyext
[1.467s] [ 94%] [32mBuilding CXX object CMakeFiles/vicon_client.dir/src/vicon_receiver/communicator.cpp.o[0m
[19.221s] [ 97%] [32m[1mLinking CXX executable vicon_client[0m
[19.902s] [100%] Built target vicon_client
[19.927s] Invoked command in '/home/surafel/vicon_ws/build/vicon_receiver' returned '0': CMAKE_PREFIX_PATH=/opt/ros/humble /usr/bin/cmake --build /home/surafel/vicon_ws/build/vicon_receiver -- -j1 -l1
[19.951s] Invoking command in '/home/surafel/vicon_ws/build/vicon_receiver': CMAKE_PREFIX_PATH=/opt/ros/humble /usr/bin/cmake --install /home/surafel/vicon_ws/build/vicon_receiver
[19.973s] -- Install configuration: ""
[19.974s] -- Execute custom install script
[19.975s] -- Up-to-date symlink: /home/surafel/vicon_ws/install/vicon_receiver/share/ament_index/resource_index/rosidl_interfaces/vicon_receiver
[19.976s] -- Up-to-date symlink: /home/surafel/vicon_ws/install/vicon_receiver/include/vicon_receiver/vicon_receiver/msg/detail/position__functions.h
[19.976s] -- Up-to-date symlink: /home/surafel/vicon_ws/install/vicon_receiver/include/vicon_receiver/vicon_receiver/msg/detail/position__struct.h
[19.977s] -- Up-to-date symlink: /home/surafel/vicon_ws/install/vicon_receiver/include/vicon_receiver/vicon_receiver/msg/detail/position__type_support.h
[19.978s] -- Up-to-date symlink: /home/surafel/vicon_ws/install/vicon_receiver/include/vicon_receiver/vicon_receiver/msg/position.h
[19.978s] -- Up-to-date symlink: /home/surafel/vicon_ws/install/vicon_receiver/include/vicon_receiver/vicon_receiver/msg/rosidl_generator_c__visibility_control.h
[19.981s] -- Up-to-date symlink: /home/surafel/vicon_ws/install/vicon_receiver/share/vicon_receiver/environment/library_path.sh
[19.981s] -- Up-to-date symlink: /home/surafel/vicon_ws/install/vicon_receiver/share/vicon_receiver/environment/library_path.dsv
[19.982s] -- Up-to-date symlink: /home/surafel/vicon_ws/install/vicon_receiver/include/vicon_receiver/vicon_receiver/msg/detail/position__rosidl_typesupport_fastrtps_c.h
[19.985s] -- Up-to-date symlink: /home/surafel/vicon_ws/install/vicon_receiver/include/vicon_receiver/vicon_receiver/msg/rosidl_typesupport_fastrtps_c__visibility_control.h
[19.985s] -- Up-to-date symlink: /home/surafel/vicon_ws/install/vicon_receiver/include/vicon_receiver/vicon_receiver/msg/detail/position__rosidl_typesupport_introspection_c.h
[19.985s] -- Up-to-date symlink: /home/surafel/vicon_ws/install/vicon_receiver/include/vicon_receiver/vicon_receiver/msg/rosidl_typesupport_introspection_c__visibility_control.h
[19.988s] -- Up-to-date symlink: /home/surafel/vicon_ws/install/vicon_receiver/include/vicon_receiver/vicon_receiver/msg/detail/position__builder.hpp
[19.988s] -- Up-to-date symlink: /home/surafel/vicon_ws/install/vicon_receiver/include/vicon_receiver/vicon_receiver/msg/detail/position__struct.hpp
[19.988s] -- Up-to-date symlink: /home/surafel/vicon_ws/install/vicon_receiver/include/vicon_receiver/vicon_receiver/msg/detail/position__traits.hpp
[19.989s] -- Up-to-date symlink: /home/surafel/vicon_ws/install/vicon_receiver/include/vicon_receiver/vicon_receiver/msg/detail/position__type_support.hpp
[19.990s] -- Up-to-date symlink: /home/surafel/vicon_ws/install/vicon_receiver/include/vicon_receiver/vicon_receiver/msg/position.hpp
[19.991s] -- Up-to-date symlink: /home/surafel/vicon_ws/install/vicon_receiver/include/vicon_receiver/vicon_receiver/msg/rosidl_generator_cpp__visibility_control.hpp
[19.991s] -- Up-to-date symlink: /home/surafel/vicon_ws/install/vicon_receiver/include/vicon_receiver/vicon_receiver/msg/detail/position__rosidl_typesupport_fastrtps_cpp.hpp
[19.992s] -- Up-to-date symlink: /home/surafel/vicon_ws/install/vicon_receiver/include/vicon_receiver/vicon_receiver/msg/rosidl_typesupport_fastrtps_cpp__visibility_control.h
[19.993s] -- Up-to-date symlink: /home/surafel/vicon_ws/install/vicon_receiver/include/vicon_receiver/vicon_receiver/msg/detail/position__rosidl_typesupport_introspection_cpp.hpp
[19.994s] -- Up-to-date symlink: /home/surafel/vicon_ws/install/vicon_receiver/share/vicon_receiver/environment/pythonpath.sh
[19.994s] -- Up-to-date symlink: /home/surafel/vicon_ws/install/vicon_receiver/share/vicon_receiver/environment/pythonpath.dsv
[19.996s] -- Up-to-date symlink: /home/surafel/vicon_ws/install/vicon_receiver/local/lib/python3.10/dist-packages/vicon_receiver-0.1.1-py3.10.egg-info/PKG-INFO
[19.999s] -- Up-to-date symlink: /home/surafel/vicon_ws/install/vicon_receiver/local/lib/python3.10/dist-packages/vicon_receiver-0.1.1-py3.10.egg-info/SOURCES.txt
[20.000s] -- Up-to-date symlink: /home/surafel/vicon_ws/install/vicon_receiver/local/lib/python3.10/dist-packages/vicon_receiver-0.1.1-py3.10.egg-info/dependency_links.txt
[20.001s] -- Up-to-date symlink: /home/surafel/vicon_ws/install/vicon_receiver/local/lib/python3.10/dist-packages/vicon_receiver-0.1.1-py3.10.egg-info/top_level.txt
[20.002s] -- Up-to-date symlink: /home/surafel/vicon_ws/install/vicon_receiver/local/lib/python3.10/dist-packages/vicon_receiver/__init__.py
[20.003s] -- Up-to-date symlink: /home/surafel/vicon_ws/install/vicon_receiver/local/lib/python3.10/dist-packages/vicon_receiver/_vicon_receiver_s.ep.rosidl_typesupport_c.c
[20.004s] -- Up-to-date symlink: /home/surafel/vicon_ws/install/vicon_receiver/local/lib/python3.10/dist-packages/vicon_receiver/_vicon_receiver_s.ep.rosidl_typesupport_fastrtps_c.c
[20.005s] -- Up-to-date symlink: /home/surafel/vicon_ws/install/vicon_receiver/local/lib/python3.10/dist-packages/vicon_receiver/_vicon_receiver_s.ep.rosidl_typesupport_introspection_c.c
[20.006s] -- Up-to-date symlink: /home/surafel/vicon_ws/install/vicon_receiver/local/lib/python3.10/dist-packages/vicon_receiver/libvicon_receiver__rosidl_generator_py.so
[20.006s] -- Up-to-date symlink: /home/surafel/vicon_ws/install/vicon_receiver/local/lib/python3.10/dist-packages/vicon_receiver/msg/__init__.py
[20.007s] -- Up-to-date symlink: /home/surafel/vicon_ws/install/vicon_receiver/local/lib/python3.10/dist-packages/vicon_receiver/msg/_position.py
[20.008s] -- Up-to-date symlink: /home/surafel/vicon_ws/install/vicon_receiver/local/lib/python3.10/dist-packages/vicon_receiver/msg/_position_s.c
[20.009s] -- Up-to-date symlink: /home/surafel/vicon_ws/install/vicon_receiver/local/lib/python3.10/dist-packages/vicon_receiver/vicon_receiver_s__rosidl_typesupport_c.cpython-310-x86_64-linux-gnu.so
[20.010s] -- Up-to-date symlink: /home/surafel/vicon_ws/install/vicon_receiver/local/lib/python3.10/dist-packages/vicon_receiver/vicon_receiver_s__rosidl_typesupport_fastrtps_c.cpython-310-x86_64-linux-gnu.so
[20.010s] -- Up-to-date symlink: /home/surafel/vicon_ws/install/vicon_receiver/local/lib/python3.10/dist-packages/vicon_receiver/vicon_receiver_s__rosidl_typesupport_introspection_c.cpython-310-x86_64-linux-gnu.so
[20.012s] -- Up-to-date symlink: /home/surafel/vicon_ws/install/vicon_receiver/local/lib/python3.10/dist-packages/vicon_receiver/vicon_receiver_s__rosidl_typesupport_fastrtps_c.cpython-310-x86_64-linux-gnu.so
[20.013s] -- Up-to-date symlink: /home/surafel/vicon_ws/install/vicon_receiver/local/lib/python3.10/dist-packages/vicon_receiver/vicon_receiver_s__rosidl_typesupport_introspection_c.cpython-310-x86_64-linux-gnu.so
[20.014s] -- Up-to-date symlink: /home/surafel/vicon_ws/install/vicon_receiver/local/lib/python3.10/dist-packages/vicon_receiver/vicon_receiver_s__rosidl_typesupport_c.cpython-310-x86_64-linux-gnu.so
[20.015s] -- Up-to-date symlink: /home/surafel/vicon_ws/install/vicon_receiver/share/vicon_receiver/msg/Position.idl
[20.016s] -- Up-to-date symlink: /home/surafel/vicon_ws/install/vicon_receiver/share/vicon_receiver/msg/Position.msg
[20.016s] -- Up-to-date symlink: /home/surafel/vicon_ws/install/vicon_receiver/lib/vicon_receiver/vicon_client
[20.017s] -- Up-to-date symlink: /home/surafel/vicon_ws/install/vicon_receiver/share/vicon_receiver//launch/client.launch.py
[20.019s] -- Up-to-date symlink: /home/surafel/vicon_ws/install/vicon_receiver/share/ament_index/resource_index/package_run_dependencies/vicon_receiver
[20.019s] -- Up-to-date symlink: /home/surafel/vicon_ws/install/vicon_receiver/share/ament_index/resource_index/parent_prefix_path/vicon_receiver
[20.020s] -- Up-to-date symlink: /home/surafel/vicon_ws/install/vicon_receiver/share/vicon_receiver/environment/ament_prefix_path.sh
[20.022s] -- Up-to-date symlink: /home/surafel/vicon_ws/install/vicon_receiver/share/vicon_receiver/environment/ament_prefix_path.dsv
[20.022s] -- Up-to-date symlink: /home/surafel/vicon_ws/install/vicon_receiver/share/vicon_receiver/environment/path.sh
[20.022s] -- Up-to-date symlink: /home/surafel/vicon_ws/install/vicon_receiver/share/vicon_receiver/environment/path.dsv
[20.023s] -- Up-to-date symlink: /home/surafel/vicon_ws/install/vicon_receiver/share/vicon_receiver/local_setup.bash
[20.024s] -- Up-to-date symlink: /home/surafel/vicon_ws/install/vicon_receiver/share/vicon_receiver/local_setup.sh
[20.024s] -- Up-to-date symlink: /home/surafel/vicon_ws/install/vicon_receiver/share/vicon_receiver/local_setup.zsh
[20.024s] -- Up-to-date symlink: /home/surafel/vicon_ws/install/vicon_receiver/share/vicon_receiver/local_setup.dsv
[20.025s] -- Symlinking: /home/surafel/vicon_ws/install/vicon_receiver/share/vicon_receiver/package.dsv
[20.045s] -- Up-to-date symlink: /home/surafel/vicon_ws/install/vicon_receiver/share/ament_index/resource_index/packages/vicon_receiver
[20.046s] -- Up-to-date symlink: /home/surafel/vicon_ws/install/vicon_receiver/share/vicon_receiver/cmake/rosidl_cmake-extras.cmake
[20.047s] -- Up-to-date symlink: /home/surafel/vicon_ws/install/vicon_receiver/share/vicon_receiver/cmake/ament_cmake_export_include_directories-extras.cmake
[20.047s] -- Up-to-date symlink: /home/surafel/vicon_ws/install/vicon_receiver/share/vicon_receiver/cmake/ament_cmake_export_libraries-extras.cmake
[20.048s] -- Up-to-date symlink: /home/surafel/vicon_ws/install/vicon_receiver/share/vicon_receiver/cmake/ament_cmake_export_targets-extras.cmake
[20.049s] -- Up-to-date symlink: /home/surafel/vicon_ws/install/vicon_receiver/share/vicon_receiver/cmake/rosidl_cmake_export_typesupport_targets-extras.cmake
[20.050s] -- Up-to-date symlink: /home/surafel/vicon_ws/install/vicon_receiver/share/vicon_receiver/cmake/ament_cmake_export_dependencies-extras.cmake
[20.051s] -- Up-to-date symlink: /home/surafel/vicon_ws/install/vicon_receiver/share/vicon_receiver/cmake/rosidl_cmake_export_typesupport_libraries-extras.cmake
[20.052s] -- Up-to-date symlink: /home/surafel/vicon_ws/install/vicon_receiver/share/vicon_receiver/cmake/vicon_receiverConfig.cmake
[20.052s] -- Up-to-date symlink: /home/surafel/vicon_ws/install/vicon_receiver/share/vicon_receiver/cmake/vicon_receiverConfig-version.cmake
[20.053s] -- Up-to-date symlink: /home/surafel/vicon_ws/install/vicon_receiver/share/vicon_receiver/package.xml
[20.054s] -- Up-to-date: /home/surafel/vicon_ws/install/vicon_receiver/lib/libvicon_receiver__rosidl_generator_c.so
[20.055s] -- Up-to-date: /home/surafel/vicon_ws/install/vicon_receiver/lib/libvicon_receiver__rosidl_typesupport_fastrtps_c.so
[20.056s] -- Up-to-date: /home/surafel/vicon_ws/install/vicon_receiver/lib/libvicon_receiver__rosidl_typesupport_introspection_c.so
[20.057s] -- Up-to-date: /home/surafel/vicon_ws/install/vicon_receiver/lib/libvicon_receiver__rosidl_typesupport_c.so
[20.058s] -- Up-to-date: /home/surafel/vicon_ws/install/vicon_receiver/lib/libvicon_receiver__rosidl_typesupport_fastrtps_cpp.so
[20.059s] -- Up-to-date: /home/surafel/vicon_ws/install/vicon_receiver/lib/libvicon_receiver__rosidl_typesupport_introspection_cpp.so
[20.060s] -- Up-to-date: /home/surafel/vicon_ws/install/vicon_receiver/lib/libvicon_receiver__rosidl_typesupport_cpp.so
[20.125s] Listing '/home/surafel/vicon_ws/install/vicon_receiver/local/lib/python3.10/dist-packages/vicon_receiver'...
[20.125s] Listing '/home/surafel/vicon_ws/install/vicon_receiver/local/lib/python3.10/dist-packages/vicon_receiver/msg'...
[20.133s] -- Up-to-date: /home/surafel/vicon_ws/install/vicon_receiver/lib/libvicon_receiver__rosidl_generator_py.so
[20.134s] -- Up-to-date: /home/surafel/vicon_ws/install/vicon_receiver/share/vicon_receiver/cmake/export_vicon_receiver__rosidl_generator_cExport.cmake
[20.134s] -- Up-to-date: /home/surafel/vicon_ws/install/vicon_receiver/share/vicon_receiver/cmake/export_vicon_receiver__rosidl_generator_cExport-noconfig.cmake
[20.135s] -- Up-to-date: /home/surafel/vicon_ws/install/vicon_receiver/share/vicon_receiver/cmake/export_vicon_receiver__rosidl_typesupport_fastrtps_cExport.cmake
[20.135s] -- Up-to-date: /home/surafel/vicon_ws/install/vicon_receiver/share/vicon_receiver/cmake/export_vicon_receiver__rosidl_typesupport_fastrtps_cExport-noconfig.cmake
[20.135s] -- Up-to-date: /home/surafel/vicon_ws/install/vicon_receiver/share/vicon_receiver/cmake/vicon_receiver__rosidl_typesupport_introspection_cExport.cmake
[20.136s] -- Up-to-date: /home/surafel/vicon_ws/install/vicon_receiver/share/vicon_receiver/cmake/vicon_receiver__rosidl_typesupport_introspection_cExport-noconfig.cmake
[20.136s] -- Up-to-date: /home/surafel/vicon_ws/install/vicon_receiver/share/vicon_receiver/cmake/vicon_receiver__rosidl_typesupport_cExport.cmake
[20.137s] -- Up-to-date: /home/surafel/vicon_ws/install/vicon_receiver/share/vicon_receiver/cmake/vicon_receiver__rosidl_typesupport_cExport-noconfig.cmake
[20.137s] -- Up-to-date: /home/surafel/vicon_ws/install/vicon_receiver/share/vicon_receiver/cmake/export_vicon_receiver__rosidl_generator_cppExport.cmake
[20.138s] -- Up-to-date: /home/surafel/vicon_ws/install/vicon_receiver/share/vicon_receiver/cmake/export_vicon_receiver__rosidl_typesupport_fastrtps_cppExport.cmake
[20.139s] -- Up-to-date: /home/surafel/vicon_ws/install/vicon_receiver/share/vicon_receiver/cmake/export_vicon_receiver__rosidl_typesupport_fastrtps_cppExport-noconfig.cmake
[20.139s] -- Up-to-date: /home/surafel/vicon_ws/install/vicon_receiver/share/vicon_receiver/cmake/vicon_receiver__rosidl_typesupport_introspection_cppExport.cmake
[20.139s] -- Up-to-date: /home/surafel/vicon_ws/install/vicon_receiver/share/vicon_receiver/cmake/vicon_receiver__rosidl_typesupport_introspection_cppExport-noconfig.cmake
[20.140s] -- Up-to-date: /home/surafel/vicon_ws/install/vicon_receiver/share/vicon_receiver/cmake/vicon_receiver__rosidl_typesupport_cppExport.cmake
[20.140s] -- Up-to-date: /home/surafel/vicon_ws/install/vicon_receiver/share/vicon_receiver/cmake/vicon_receiver__rosidl_typesupport_cppExport-noconfig.cmake
[20.141s] -- Up-to-date: /home/surafel/vicon_ws/install/vicon_receiver/share/vicon_receiver/cmake/export_vicon_receiver__rosidl_generator_pyExport.cmake
[20.141s] -- Up-to-date: /home/surafel/vicon_ws/install/vicon_receiver/share/vicon_receiver/cmake/export_vicon_receiver__rosidl_generator_pyExport-noconfig.cmake
[20.146s] Invoked command in '/home/surafel/vicon_ws/build/vicon_receiver' returned '0': CMAKE_PREFIX_PATH=/opt/ros/humble /usr/bin/cmake --install /home/surafel/vicon_ws/build/vicon_receiver
