[  2%] Built target vicon_receiver__cpp
[ 11%] Built target vicon_receiver__rosidl_typesupport_cpp
[ 20%] Built target vicon_receiver__rosidl_generator_c
[ 29%] Built target vicon_receiver__rosidl_typesupport_fastrtps_c
[ 38%] Built target vicon_receiver__rosidl_typesupport_introspection_c
[ 47%] Built target vicon_receiver__rosidl_typesupport_c
[ 55%] Built target vicon_receiver__rosidl_typesupport_fastrtps_cpp
[ 64%] Built target vicon_receiver__rosidl_typesupport_introspection_cpp
[ 64%] Built target vicon_receiver
[ 64%] Built target ament_cmake_python_symlink_vicon_receiver
running egg_info
writing vicon_receiver.egg-info/PKG-INFO
writing dependency_links to vicon_receiver.egg-info/dependency_links.txt
writing top-level names to vicon_receiver.egg-info/top_level.txt
reading manifest file 'vicon_receiver.egg-info/SOURCES.txt'
writing manifest file 'vicon_receiver.egg-info/SOURCES.txt'
[ 64%] Built target ament_cmake_python_build_vicon_receiver_egg
[ 67%] Built target vicon_receiver__py
[ 73%] Built target vicon_receiver__rosidl_generator_py
[ 79%] Built target vicon_receiver__rosidl_typesupport_fastrtps_c__pyext
[ 85%] Built target vicon_receiver__rosidl_typesupport_introspection_c__pyext
[ 91%] Built target vicon_receiver__rosidl_typesupport_c__pyext
[ 94%] [32m[1mLinking CXX executable vicon_client[0m
[100%] Built target vicon_client
-- Install configuration: ""
-- Execute custom install script
-- Symlinking: /home/surafel/vicon_ws/install/vicon_receiver/share/ament_index/resource_index/rosidl_interfaces/vicon_receiver
-- Symlinking: /home/surafel/vicon_ws/install/vicon_receiver/include/vicon_receiver/vicon_receiver/msg/detail/position__functions.h
-- Symlinking: /home/surafel/vicon_ws/install/vicon_receiver/include/vicon_receiver/vicon_receiver/msg/detail/position__struct.h
-- Symlinking: /home/surafel/vicon_ws/install/vicon_receiver/include/vicon_receiver/vicon_receiver/msg/detail/position__type_support.h
-- Symlinking: /home/surafel/vicon_ws/install/vicon_receiver/include/vicon_receiver/vicon_receiver/msg/position.h
-- Symlinking: /home/surafel/vicon_ws/install/vicon_receiver/include/vicon_receiver/vicon_receiver/msg/rosidl_generator_c__visibility_control.h
-- Symlinking: /home/surafel/vicon_ws/install/vicon_receiver/share/vicon_receiver/environment/library_path.sh
-- Symlinking: /home/surafel/vicon_ws/install/vicon_receiver/share/vicon_receiver/environment/library_path.dsv
-- Symlinking: /home/surafel/vicon_ws/install/vicon_receiver/include/vicon_receiver/vicon_receiver/msg/detail/position__rosidl_typesupport_fastrtps_c.h
-- Symlinking: /home/surafel/vicon_ws/install/vicon_receiver/include/vicon_receiver/vicon_receiver/msg/rosidl_typesupport_fastrtps_c__visibility_control.h
-- Symlinking: /home/surafel/vicon_ws/install/vicon_receiver/include/vicon_receiver/vicon_receiver/msg/detail/position__rosidl_typesupport_introspection_c.h
-- Symlinking: /home/surafel/vicon_ws/install/vicon_receiver/include/vicon_receiver/vicon_receiver/msg/rosidl_typesupport_introspection_c__visibility_control.h
-- Symlinking: /home/surafel/vicon_ws/install/vicon_receiver/include/vicon_receiver/vicon_receiver/msg/detail/position__builder.hpp
-- Symlinking: /home/surafel/vicon_ws/install/vicon_receiver/include/vicon_receiver/vicon_receiver/msg/detail/position__struct.hpp
-- Symlinking: /home/surafel/vicon_ws/install/vicon_receiver/include/vicon_receiver/vicon_receiver/msg/detail/position__traits.hpp
-- Symlinking: /home/surafel/vicon_ws/install/vicon_receiver/include/vicon_receiver/vicon_receiver/msg/detail/position__type_support.hpp
-- Symlinking: /home/surafel/vicon_ws/install/vicon_receiver/include/vicon_receiver/vicon_receiver/msg/position.hpp
-- Symlinking: /home/surafel/vicon_ws/install/vicon_receiver/include/vicon_receiver/vicon_receiver/msg/rosidl_generator_cpp__visibility_control.hpp
-- Symlinking: /home/surafel/vicon_ws/install/vicon_receiver/include/vicon_receiver/vicon_receiver/msg/detail/position__rosidl_typesupport_fastrtps_cpp.hpp
-- Symlinking: /home/surafel/vicon_ws/install/vicon_receiver/include/vicon_receiver/vicon_receiver/msg/rosidl_typesupport_fastrtps_cpp__visibility_control.h
-- Symlinking: /home/surafel/vicon_ws/install/vicon_receiver/include/vicon_receiver/vicon_receiver/msg/detail/position__rosidl_typesupport_introspection_cpp.hpp
-- Symlinking: /home/surafel/vicon_ws/install/vicon_receiver/share/vicon_receiver/environment/pythonpath.sh
-- Symlinking: /home/surafel/vicon_ws/install/vicon_receiver/share/vicon_receiver/environment/pythonpath.dsv
-- Symlinking: /home/surafel/vicon_ws/install/vicon_receiver/local/lib/python3.10/dist-packages/vicon_receiver-0.1.1-py3.10.egg-info/PKG-INFO
-- Symlinking: /home/surafel/vicon_ws/install/vicon_receiver/local/lib/python3.10/dist-packages/vicon_receiver-0.1.1-py3.10.egg-info/SOURCES.txt
-- Symlinking: /home/surafel/vicon_ws/install/vicon_receiver/local/lib/python3.10/dist-packages/vicon_receiver-0.1.1-py3.10.egg-info/dependency_links.txt
-- Symlinking: /home/surafel/vicon_ws/install/vicon_receiver/local/lib/python3.10/dist-packages/vicon_receiver-0.1.1-py3.10.egg-info/top_level.txt
-- Symlinking: /home/surafel/vicon_ws/install/vicon_receiver/local/lib/python3.10/dist-packages/vicon_receiver/__init__.py
-- Symlinking: /home/surafel/vicon_ws/install/vicon_receiver/local/lib/python3.10/dist-packages/vicon_receiver/_vicon_receiver_s.ep.rosidl_typesupport_c.c
-- Symlinking: /home/surafel/vicon_ws/install/vicon_receiver/local/lib/python3.10/dist-packages/vicon_receiver/_vicon_receiver_s.ep.rosidl_typesupport_fastrtps_c.c
-- Symlinking: /home/surafel/vicon_ws/install/vicon_receiver/local/lib/python3.10/dist-packages/vicon_receiver/_vicon_receiver_s.ep.rosidl_typesupport_introspection_c.c
-- Symlinking: /home/surafel/vicon_ws/install/vicon_receiver/local/lib/python3.10/dist-packages/vicon_receiver/libvicon_receiver__rosidl_generator_py.so
-- Symlinking: /home/surafel/vicon_ws/install/vicon_receiver/local/lib/python3.10/dist-packages/vicon_receiver/msg/__init__.py
-- Symlinking: /home/surafel/vicon_ws/install/vicon_receiver/local/lib/python3.10/dist-packages/vicon_receiver/msg/_position.py
-- Symlinking: /home/surafel/vicon_ws/install/vicon_receiver/local/lib/python3.10/dist-packages/vicon_receiver/msg/_position_s.c
-- Symlinking: /home/surafel/vicon_ws/install/vicon_receiver/local/lib/python3.10/dist-packages/vicon_receiver/vicon_receiver_s__rosidl_typesupport_c.cpython-310-x86_64-linux-gnu.so
-- Symlinking: /home/surafel/vicon_ws/install/vicon_receiver/local/lib/python3.10/dist-packages/vicon_receiver/vicon_receiver_s__rosidl_typesupport_fastrtps_c.cpython-310-x86_64-linux-gnu.so
-- Symlinking: /home/surafel/vicon_ws/install/vicon_receiver/local/lib/python3.10/dist-packages/vicon_receiver/vicon_receiver_s__rosidl_typesupport_introspection_c.cpython-310-x86_64-linux-gnu.so
-- Up-to-date symlink: /home/surafel/vicon_ws/install/vicon_receiver/local/lib/python3.10/dist-packages/vicon_receiver/vicon_receiver_s__rosidl_typesupport_fastrtps_c.cpython-310-x86_64-linux-gnu.so
-- Up-to-date symlink: /home/surafel/vicon_ws/install/vicon_receiver/local/lib/python3.10/dist-packages/vicon_receiver/vicon_receiver_s__rosidl_typesupport_introspection_c.cpython-310-x86_64-linux-gnu.so
-- Up-to-date symlink: /home/surafel/vicon_ws/install/vicon_receiver/local/lib/python3.10/dist-packages/vicon_receiver/vicon_receiver_s__rosidl_typesupport_c.cpython-310-x86_64-linux-gnu.so
-- Symlinking: /home/surafel/vicon_ws/install/vicon_receiver/share/vicon_receiver/msg/Position.idl
-- Symlinking: /home/surafel/vicon_ws/install/vicon_receiver/share/vicon_receiver/msg/Position.msg
-- Symlinking: /home/surafel/vicon_ws/install/vicon_receiver/lib/vicon_receiver/vicon_client
-- Symlinking: /home/surafel/vicon_ws/install/vicon_receiver/share/vicon_receiver//launch/client.launch.py
-- Symlinking: /home/surafel/vicon_ws/install/vicon_receiver/share/ament_index/resource_index/package_run_dependencies/vicon_receiver
-- Symlinking: /home/surafel/vicon_ws/install/vicon_receiver/share/ament_index/resource_index/parent_prefix_path/vicon_receiver
-- Symlinking: /home/surafel/vicon_ws/install/vicon_receiver/share/vicon_receiver/environment/ament_prefix_path.sh
-- Symlinking: /home/surafel/vicon_ws/install/vicon_receiver/share/vicon_receiver/environment/ament_prefix_path.dsv
-- Symlinking: /home/surafel/vicon_ws/install/vicon_receiver/share/vicon_receiver/environment/path.sh
-- Symlinking: /home/surafel/vicon_ws/install/vicon_receiver/share/vicon_receiver/environment/path.dsv
-- Symlinking: /home/surafel/vicon_ws/install/vicon_receiver/share/vicon_receiver/local_setup.bash
-- Symlinking: /home/surafel/vicon_ws/install/vicon_receiver/share/vicon_receiver/local_setup.sh
-- Symlinking: /home/surafel/vicon_ws/install/vicon_receiver/share/vicon_receiver/local_setup.zsh
-- Symlinking: /home/surafel/vicon_ws/install/vicon_receiver/share/vicon_receiver/local_setup.dsv
-- Symlinking: /home/surafel/vicon_ws/install/vicon_receiver/share/vicon_receiver/package.dsv
-- Symlinking: /home/surafel/vicon_ws/install/vicon_receiver/share/ament_index/resource_index/packages/vicon_receiver
-- Symlinking: /home/surafel/vicon_ws/install/vicon_receiver/share/vicon_receiver/cmake/rosidl_cmake-extras.cmake
-- Symlinking: /home/surafel/vicon_ws/install/vicon_receiver/share/vicon_receiver/cmake/ament_cmake_export_include_directories-extras.cmake
-- Symlinking: /home/surafel/vicon_ws/install/vicon_receiver/share/vicon_receiver/cmake/ament_cmake_export_libraries-extras.cmake
-- Symlinking: /home/surafel/vicon_ws/install/vicon_receiver/share/vicon_receiver/cmake/ament_cmake_export_targets-extras.cmake
-- Symlinking: /home/surafel/vicon_ws/install/vicon_receiver/share/vicon_receiver/cmake/rosidl_cmake_export_typesupport_targets-extras.cmake
-- Symlinking: /home/surafel/vicon_ws/install/vicon_receiver/share/vicon_receiver/cmake/ament_cmake_export_dependencies-extras.cmake
-- Symlinking: /home/surafel/vicon_ws/install/vicon_receiver/share/vicon_receiver/cmake/rosidl_cmake_export_typesupport_libraries-extras.cmake
-- Symlinking: /home/surafel/vicon_ws/install/vicon_receiver/share/vicon_receiver/cmake/vicon_receiverConfig.cmake
-- Symlinking: /home/surafel/vicon_ws/install/vicon_receiver/share/vicon_receiver/cmake/vicon_receiverConfig-version.cmake
-- Symlinking: /home/surafel/vicon_ws/install/vicon_receiver/share/vicon_receiver/package.xml
-- Installing: /home/surafel/vicon_ws/install/vicon_receiver/lib/libvicon_receiver__rosidl_generator_c.so
-- Set runtime path of "/home/surafel/vicon_ws/install/vicon_receiver/lib/libvicon_receiver__rosidl_generator_c.so" to ""
-- Installing: /home/surafel/vicon_ws/install/vicon_receiver/lib/libvicon_receiver__rosidl_typesupport_fastrtps_c.so
-- Set runtime path of "/home/surafel/vicon_ws/install/vicon_receiver/lib/libvicon_receiver__rosidl_typesupport_fastrtps_c.so" to ""
-- Installing: /home/surafel/vicon_ws/install/vicon_receiver/lib/libvicon_receiver__rosidl_typesupport_introspection_c.so
-- Set runtime path of "/home/surafel/vicon_ws/install/vicon_receiver/lib/libvicon_receiver__rosidl_typesupport_introspection_c.so" to ""
-- Installing: /home/surafel/vicon_ws/install/vicon_receiver/lib/libvicon_receiver__rosidl_typesupport_c.so
-- Set runtime path of "/home/surafel/vicon_ws/install/vicon_receiver/lib/libvicon_receiver__rosidl_typesupport_c.so" to ""
-- Installing: /home/surafel/vicon_ws/install/vicon_receiver/lib/libvicon_receiver__rosidl_typesupport_fastrtps_cpp.so
-- Set runtime path of "/home/surafel/vicon_ws/install/vicon_receiver/lib/libvicon_receiver__rosidl_typesupport_fastrtps_cpp.so" to ""
-- Installing: /home/surafel/vicon_ws/install/vicon_receiver/lib/libvicon_receiver__rosidl_typesupport_introspection_cpp.so
-- Set runtime path of "/home/surafel/vicon_ws/install/vicon_receiver/lib/libvicon_receiver__rosidl_typesupport_introspection_cpp.so" to ""
-- Installing: /home/surafel/vicon_ws/install/vicon_receiver/lib/libvicon_receiver__rosidl_typesupport_cpp.so
-- Set runtime path of "/home/surafel/vicon_ws/install/vicon_receiver/lib/libvicon_receiver__rosidl_typesupport_cpp.so" to ""
Listing '/home/surafel/vicon_ws/install/vicon_receiver/local/lib/python3.10/dist-packages/vicon_receiver'...
Compiling '/home/surafel/vicon_ws/install/vicon_receiver/local/lib/python3.10/dist-packages/vicon_receiver/__init__.py'...
Listing '/home/surafel/vicon_ws/install/vicon_receiver/local/lib/python3.10/dist-packages/vicon_receiver/msg'...
Compiling '/home/surafel/vicon_ws/install/vicon_receiver/local/lib/python3.10/dist-packages/vicon_receiver/msg/__init__.py'...
Compiling '/home/surafel/vicon_ws/install/vicon_receiver/local/lib/python3.10/dist-packages/vicon_receiver/msg/_position.py'...
-- Installing: /home/surafel/vicon_ws/install/vicon_receiver/lib/libvicon_receiver__rosidl_generator_py.so
-- Set runtime path of "/home/surafel/vicon_ws/install/vicon_receiver/lib/libvicon_receiver__rosidl_generator_py.so" to ""
-- Installing: /home/surafel/vicon_ws/install/vicon_receiver/share/vicon_receiver/cmake/export_vicon_receiver__rosidl_generator_cExport.cmake
-- Installing: /home/surafel/vicon_ws/install/vicon_receiver/share/vicon_receiver/cmake/export_vicon_receiver__rosidl_generator_cExport-noconfig.cmake
-- Installing: /home/surafel/vicon_ws/install/vicon_receiver/share/vicon_receiver/cmake/export_vicon_receiver__rosidl_typesupport_fastrtps_cExport.cmake
-- Installing: /home/surafel/vicon_ws/install/vicon_receiver/share/vicon_receiver/cmake/export_vicon_receiver__rosidl_typesupport_fastrtps_cExport-noconfig.cmake
-- Installing: /home/surafel/vicon_ws/install/vicon_receiver/share/vicon_receiver/cmake/vicon_receiver__rosidl_typesupport_introspection_cExport.cmake
-- Installing: /home/surafel/vicon_ws/install/vicon_receiver/share/vicon_receiver/cmake/vicon_receiver__rosidl_typesupport_introspection_cExport-noconfig.cmake
-- Installing: /home/surafel/vicon_ws/install/vicon_receiver/share/vicon_receiver/cmake/vicon_receiver__rosidl_typesupport_cExport.cmake
-- Installing: /home/surafel/vicon_ws/install/vicon_receiver/share/vicon_receiver/cmake/vicon_receiver__rosidl_typesupport_cExport-noconfig.cmake
-- Installing: /home/surafel/vicon_ws/install/vicon_receiver/share/vicon_receiver/cmake/export_vicon_receiver__rosidl_generator_cppExport.cmake
-- Installing: /home/surafel/vicon_ws/install/vicon_receiver/share/vicon_receiver/cmake/export_vicon_receiver__rosidl_typesupport_fastrtps_cppExport.cmake
-- Installing: /home/surafel/vicon_ws/install/vicon_receiver/share/vicon_receiver/cmake/export_vicon_receiver__rosidl_typesupport_fastrtps_cppExport-noconfig.cmake
-- Installing: /home/surafel/vicon_ws/install/vicon_receiver/share/vicon_receiver/cmake/vicon_receiver__rosidl_typesupport_introspection_cppExport.cmake
-- Installing: /home/surafel/vicon_ws/install/vicon_receiver/share/vicon_receiver/cmake/vicon_receiver__rosidl_typesupport_introspection_cppExport-noconfig.cmake
-- Installing: /home/surafel/vicon_ws/install/vicon_receiver/share/vicon_receiver/cmake/vicon_receiver__rosidl_typesupport_cppExport.cmake
-- Installing: /home/surafel/vicon_ws/install/vicon_receiver/share/vicon_receiver/cmake/vicon_receiver__rosidl_typesupport_cppExport-noconfig.cmake
-- Installing: /home/surafel/vicon_ws/install/vicon_receiver/share/vicon_receiver/cmake/export_vicon_receiver__rosidl_generator_pyExport.cmake
-- Installing: /home/surafel/vicon_ws/install/vicon_receiver/share/vicon_receiver/cmake/export_vicon_receiver__rosidl_generator_pyExport-noconfig.cmake
