[0mCMake Deprecation Warning at /opt/ros/humble/share/rosidl_cmake/cmake/rosidl_target_interfaces.cmake:32 (message):
  Use rosidl_get_typesupport_target() and target_link_libraries() instead of
  rosidl_target_interfaces()
Call Stack (most recent call first):
  CMakeLists.txt:44 (rosidl_target_interfaces)

[0m
[0mCMake Deprecation Warning at /opt/ros/humble/share/rosidl_cmake/cmake/rosidl_target_interfaces.cmake:32 (message):
  Use rosidl_get_typesupport_target() and target_link_libraries() instead of
  rosidl_target_interfaces()
Call Stack (most recent call first):
  CMakeLists.txt:44 (rosidl_target_interfaces)

[0m
[0mCMake Deprecation Warning at /opt/ros/humble/share/rosidl_cmake/cmake/rosidl_target_interfaces.cmake:32 (message):
  Use rosidl_get_typesupport_target() and target_link_libraries() instead of
  rosidl_target_interfaces()
Call Stack (most recent call first):
  CMakeLists.txt:44 (rosidl_target_interfaces)

[0m
/usr/bin/ld: cannot find -lViconDataStreamSDK_CPP: No such file or directory
collect2: error: ld returned 1 exit status
gmake[2]: *** [CMakeFiles/vicon_client.dir/build.make:170: vicon_client] Error 1
gmake[1]: *** [CMakeFiles/Makefile2:594: CMakeFiles/vicon_client.dir/all] Error 2
gmake: *** [Makefile:146: all] Error 2
