[0.220s] DEBUG:colcon:Command line arguments: ['/usr/bin/colcon', 'build', '--symlink-install']
[0.220s] DEBUG:colcon:Parsed command line arguments: Namespace(log_base=None, log_level=None, verb_name='build', build_base='build', install_base='install', merge_install=False, symlink_install=True, test_result_base=None, continue_on_error=False, executor='parallel', parallel_workers=1, event_handlers=None, ignore_user_meta=False, metas=['./colcon.meta'], base_paths=['.'], packages_ignore=None, packages_ignore_regex=None, paths=None, packages_up_to=None, packages_up_to_regex=None, packages_above=None, packages_above_and_dependencies=None, packages_above_depth=None, packages_select_by_dep=None, packages_skip_by_dep=None, packages_skip_up_to=None, packages_select_build_failed=False, packages_skip_build_finished=False, packages_select_test_failures=False, packages_skip_test_passed=False, packages_select=None, packages_skip=None, packages_select_regex=None, packages_skip_regex=None, packages_start=None, packages_end=None, allow_overriding=[], cmake_args=None, cmake_target=None, cmake_target_skip_unavailable=False, cmake_clean_cache=False, cmake_clean_first=False, cmake_force_configure=False, ament_cmake_args=None, catkin_cmake_args=None, catkin_skip_building_tests=False, verb_parser=<colcon_defaults.argument_parser.defaults.DefaultArgumentsDecorator object at 0x773cb4feac50>, verb_extension=<colcon_core.verb.build.BuildVerb object at 0x773cb51a7220>, main=<bound method BuildVerb.main of <colcon_core.verb.build.BuildVerb object at 0x773cb51a7220>>)
[0.595s] Level 1:colcon.colcon_core.package_discovery:discover_packages(colcon_meta) check parameters
[0.595s] Level 1:colcon.colcon_core.package_discovery:discover_packages(recursive) check parameters
[0.595s] Level 1:colcon.colcon_core.package_discovery:discover_packages(ignore) check parameters
[0.595s] Level 1:colcon.colcon_core.package_discovery:discover_packages(path) check parameters
[0.595s] Level 1:colcon.colcon_core.package_discovery:discover_packages(colcon_meta) discover
[0.595s] Level 1:colcon.colcon_core.package_discovery:discover_packages(recursive) discover
[0.595s] INFO:colcon.colcon_core.package_discovery:Crawling recursively for packages in '/home/surafel/vicon_ws'
[0.596s] Level 1:colcon.colcon_core.package_identification:_identify(.) by extensions ['ignore', 'ignore_ament_install']
[0.596s] Level 1:colcon.colcon_core.package_identification:_identify(.) by extension 'ignore'
[0.596s] Level 1:colcon.colcon_core.package_identification:_identify(.) by extension 'ignore_ament_install'
[0.596s] Level 1:colcon.colcon_core.package_identification:_identify(.) by extensions ['colcon_pkg']
[0.596s] Level 1:colcon.colcon_core.package_identification:_identify(.) by extension 'colcon_pkg'
[0.596s] Level 1:colcon.colcon_core.package_identification:_identify(.) by extensions ['colcon_meta']
[0.596s] Level 1:colcon.colcon_core.package_identification:_identify(.) by extension 'colcon_meta'
[0.596s] Level 1:colcon.colcon_core.package_identification:_identify(.) by extensions ['ros']
[0.597s] Level 1:colcon.colcon_core.package_identification:_identify(.) by extension 'ros'
[0.620s] Level 1:colcon.colcon_core.package_identification:_identify(.) by extensions ['cmake', 'python']
[0.620s] Level 1:colcon.colcon_core.package_identification:_identify(.) by extension 'cmake'
[0.620s] Level 1:colcon.colcon_core.package_identification:_identify(.) by extension 'python'
[0.620s] Level 1:colcon.colcon_core.package_identification:_identify(.) by extensions ['python_setup_py']
[0.620s] Level 1:colcon.colcon_core.package_identification:_identify(.) by extension 'python_setup_py'
[0.620s] Level 1:colcon.colcon_core.package_identification:_identify(build) by extensions ['ignore', 'ignore_ament_install']
[0.621s] Level 1:colcon.colcon_core.package_identification:_identify(build) by extension 'ignore'
[0.621s] Level 1:colcon.colcon_core.package_identification:_identify(build) ignored
[0.621s] Level 1:colcon.colcon_core.package_identification:_identify(install) by extensions ['ignore', 'ignore_ament_install']
[0.622s] Level 1:colcon.colcon_core.package_identification:_identify(install) by extension 'ignore'
[0.622s] Level 1:colcon.colcon_core.package_identification:_identify(install) ignored
[0.622s] Level 1:colcon.colcon_core.package_identification:_identify(log) by extensions ['ignore', 'ignore_ament_install']
[0.622s] Level 1:colcon.colcon_core.package_identification:_identify(log) by extension 'ignore'
[0.622s] Level 1:colcon.colcon_core.package_identification:_identify(log) ignored
[0.622s] Level 1:colcon.colcon_core.package_identification:_identify(src) by extensions ['ignore', 'ignore_ament_install']
[0.623s] Level 1:colcon.colcon_core.package_identification:_identify(src) by extension 'ignore'
[0.623s] Level 1:colcon.colcon_core.package_identification:_identify(src) by extension 'ignore_ament_install'
[0.623s] Level 1:colcon.colcon_core.package_identification:_identify(src) by extensions ['colcon_pkg']
[0.623s] Level 1:colcon.colcon_core.package_identification:_identify(src) by extension 'colcon_pkg'
[0.623s] Level 1:colcon.colcon_core.package_identification:_identify(src) by extensions ['colcon_meta']
[0.623s] Level 1:colcon.colcon_core.package_identification:_identify(src) by extension 'colcon_meta'
[0.623s] Level 1:colcon.colcon_core.package_identification:_identify(src) by extensions ['ros']
[0.623s] Level 1:colcon.colcon_core.package_identification:_identify(src) by extension 'ros'
[0.623s] Level 1:colcon.colcon_core.package_identification:_identify(src) by extensions ['cmake', 'python']
[0.624s] Level 1:colcon.colcon_core.package_identification:_identify(src) by extension 'cmake'
[0.624s] Level 1:colcon.colcon_core.package_identification:_identify(src) by extension 'python'
[0.624s] Level 1:colcon.colcon_core.package_identification:_identify(src) by extensions ['python_setup_py']
[0.624s] Level 1:colcon.colcon_core.package_identification:_identify(src) by extension 'python_setup_py'
[0.624s] Level 1:colcon.colcon_core.package_identification:_identify(src/ros2-vicon-receiver) by extensions ['ignore', 'ignore_ament_install']
[0.624s] Level 1:colcon.colcon_core.package_identification:_identify(src/ros2-vicon-receiver) by extension 'ignore'
[0.624s] Level 1:colcon.colcon_core.package_identification:_identify(src/ros2-vicon-receiver) by extension 'ignore_ament_install'
[0.624s] Level 1:colcon.colcon_core.package_identification:_identify(src/ros2-vicon-receiver) by extensions ['colcon_pkg']
[0.625s] Level 1:colcon.colcon_core.package_identification:_identify(src/ros2-vicon-receiver) by extension 'colcon_pkg'
[0.625s] Level 1:colcon.colcon_core.package_identification:_identify(src/ros2-vicon-receiver) by extensions ['colcon_meta']
[0.625s] Level 1:colcon.colcon_core.package_identification:_identify(src/ros2-vicon-receiver) by extension 'colcon_meta'
[0.625s] Level 1:colcon.colcon_core.package_identification:_identify(src/ros2-vicon-receiver) by extensions ['ros']
[0.625s] Level 1:colcon.colcon_core.package_identification:_identify(src/ros2-vicon-receiver) by extension 'ros'
[0.625s] Level 1:colcon.colcon_core.package_identification:_identify(src/ros2-vicon-receiver) by extensions ['cmake', 'python']
[0.625s] Level 1:colcon.colcon_core.package_identification:_identify(src/ros2-vicon-receiver) by extension 'cmake'
[0.625s] Level 1:colcon.colcon_core.package_identification:_identify(src/ros2-vicon-receiver) by extension 'python'
[0.625s] Level 1:colcon.colcon_core.package_identification:_identify(src/ros2-vicon-receiver) by extensions ['python_setup_py']
[0.625s] Level 1:colcon.colcon_core.package_identification:_identify(src/ros2-vicon-receiver) by extension 'python_setup_py'
[0.626s] Level 1:colcon.colcon_core.package_identification:_identify(src/ros2-vicon-receiver/DataStreamSDK_1.12.0) by extensions ['ignore', 'ignore_ament_install']
[0.626s] Level 1:colcon.colcon_core.package_identification:_identify(src/ros2-vicon-receiver/DataStreamSDK_1.12.0) by extension 'ignore'
[0.626s] Level 1:colcon.colcon_core.package_identification:_identify(src/ros2-vicon-receiver/DataStreamSDK_1.12.0) by extension 'ignore_ament_install'
[0.626s] Level 1:colcon.colcon_core.package_identification:_identify(src/ros2-vicon-receiver/DataStreamSDK_1.12.0) by extensions ['colcon_pkg']
[0.626s] Level 1:colcon.colcon_core.package_identification:_identify(src/ros2-vicon-receiver/DataStreamSDK_1.12.0) by extension 'colcon_pkg'
[0.626s] Level 1:colcon.colcon_core.package_identification:_identify(src/ros2-vicon-receiver/DataStreamSDK_1.12.0) by extensions ['colcon_meta']
[0.626s] Level 1:colcon.colcon_core.package_identification:_identify(src/ros2-vicon-receiver/DataStreamSDK_1.12.0) by extension 'colcon_meta'
[0.626s] Level 1:colcon.colcon_core.package_identification:_identify(src/ros2-vicon-receiver/DataStreamSDK_1.12.0) by extensions ['ros']
[0.627s] Level 1:colcon.colcon_core.package_identification:_identify(src/ros2-vicon-receiver/DataStreamSDK_1.12.0) by extension 'ros'
[0.627s] Level 1:colcon.colcon_core.package_identification:_identify(src/ros2-vicon-receiver/DataStreamSDK_1.12.0) by extensions ['cmake', 'python']
[0.627s] Level 1:colcon.colcon_core.package_identification:_identify(src/ros2-vicon-receiver/DataStreamSDK_1.12.0) by extension 'cmake'
[0.627s] Level 1:colcon.colcon_core.package_identification:_identify(src/ros2-vicon-receiver/DataStreamSDK_1.12.0) by extension 'python'
[0.627s] Level 1:colcon.colcon_core.package_identification:_identify(src/ros2-vicon-receiver/DataStreamSDK_1.12.0) by extensions ['python_setup_py']
[0.627s] Level 1:colcon.colcon_core.package_identification:_identify(src/ros2-vicon-receiver/DataStreamSDK_1.12.0) by extension 'python_setup_py'
[0.627s] Level 1:colcon.colcon_core.package_identification:_identify(src/ros2-vicon-receiver/vicon_receiver) by extensions ['ignore', 'ignore_ament_install']
[0.627s] Level 1:colcon.colcon_core.package_identification:_identify(src/ros2-vicon-receiver/vicon_receiver) by extension 'ignore'
[0.628s] Level 1:colcon.colcon_core.package_identification:_identify(src/ros2-vicon-receiver/vicon_receiver) by extension 'ignore_ament_install'
[0.628s] Level 1:colcon.colcon_core.package_identification:_identify(src/ros2-vicon-receiver/vicon_receiver) by extensions ['colcon_pkg']
[0.628s] Level 1:colcon.colcon_core.package_identification:_identify(src/ros2-vicon-receiver/vicon_receiver) by extension 'colcon_pkg'
[0.628s] Level 1:colcon.colcon_core.package_identification:_identify(src/ros2-vicon-receiver/vicon_receiver) by extensions ['colcon_meta']
[0.628s] Level 1:colcon.colcon_core.package_identification:_identify(src/ros2-vicon-receiver/vicon_receiver) by extension 'colcon_meta'
[0.628s] Level 1:colcon.colcon_core.package_identification:_identify(src/ros2-vicon-receiver/vicon_receiver) by extensions ['ros']
[0.628s] Level 1:colcon.colcon_core.package_identification:_identify(src/ros2-vicon-receiver/vicon_receiver) by extension 'ros'
[0.632s] DEBUG:colcon.colcon_core.package_identification:Package 'src/ros2-vicon-receiver/vicon_receiver' with type 'ros.ament_cmake' and name 'vicon_receiver'
[0.632s] Level 1:colcon.colcon_core.package_discovery:discover_packages(recursive) using defaults
[0.633s] Level 1:colcon.colcon_core.package_discovery:discover_packages(ignore) discover
[0.633s] Level 1:colcon.colcon_core.package_discovery:discover_packages(ignore) using defaults
[0.633s] Level 1:colcon.colcon_core.package_discovery:discover_packages(path) discover
[0.633s] Level 1:colcon.colcon_core.package_discovery:discover_packages(path) using defaults
[0.669s] Level 1:colcon.colcon_core.package_discovery:discover_packages(prefix_path) check parameters
[0.669s] Level 1:colcon.colcon_core.package_discovery:discover_packages(prefix_path) discover
[0.674s] DEBUG:colcon.colcon_installed_package_information.package_discovery:Found 271 installed packages in /opt/ros/humble
[0.678s] Level 1:colcon.colcon_core.package_discovery:discover_packages(prefix_path) using defaults
[0.789s] Level 5:colcon.colcon_core.verb:set package 'vicon_receiver' build argument 'cmake_args' from command line to 'None'
[0.789s] Level 5:colcon.colcon_core.verb:set package 'vicon_receiver' build argument 'cmake_target' from command line to 'None'
[0.789s] Level 5:colcon.colcon_core.verb:set package 'vicon_receiver' build argument 'cmake_target_skip_unavailable' from command line to 'False'
[0.789s] Level 5:colcon.colcon_core.verb:set package 'vicon_receiver' build argument 'cmake_clean_cache' from command line to 'False'
[0.789s] Level 5:colcon.colcon_core.verb:set package 'vicon_receiver' build argument 'cmake_clean_first' from command line to 'False'
[0.789s] Level 5:colcon.colcon_core.verb:set package 'vicon_receiver' build argument 'cmake_force_configure' from command line to 'False'
[0.789s] Level 5:colcon.colcon_core.verb:set package 'vicon_receiver' build argument 'ament_cmake_args' from command line to 'None'
[0.789s] Level 5:colcon.colcon_core.verb:set package 'vicon_receiver' build argument 'catkin_cmake_args' from command line to 'None'
[0.789s] Level 5:colcon.colcon_core.verb:set package 'vicon_receiver' build argument 'catkin_skip_building_tests' from command line to 'False'
[0.789s] DEBUG:colcon.colcon_core.verb:Building package 'vicon_receiver' with the following arguments: {'ament_cmake_args': None, 'build_base': '/home/surafel/vicon_ws/build/vicon_receiver', 'catkin_cmake_args': None, 'catkin_skip_building_tests': False, 'cmake_args': None, 'cmake_clean_cache': False, 'cmake_clean_first': False, 'cmake_force_configure': False, 'cmake_target': None, 'cmake_target_skip_unavailable': False, 'install_base': '/home/surafel/vicon_ws/install/vicon_receiver', 'merge_install': False, 'path': '/home/surafel/vicon_ws/src/ros2-vicon-receiver/vicon_receiver', 'symlink_install': True, 'test_result_base': None}
[0.790s] INFO:colcon.colcon_core.executor:Executing jobs using 'parallel' executor
[0.791s] DEBUG:colcon.colcon_parallel_executor.executor.parallel:run_until_complete
[0.792s] INFO:colcon.colcon_ros.task.ament_cmake.build:Building ROS package in '/home/surafel/vicon_ws/src/ros2-vicon-receiver/vicon_receiver' with build type 'ament_cmake'
[0.793s] INFO:colcon.colcon_cmake.task.cmake.build:Building CMake package in '/home/surafel/vicon_ws/src/ros2-vicon-receiver/vicon_receiver'
[0.797s] INFO:colcon.colcon_core.plugin_system:Skipping extension 'colcon_core.shell.bat': Not used on non-Windows systems
[0.797s] INFO:colcon.colcon_core.shell:Skip shell extension 'powershell' for command environment: Not usable outside of PowerShell
[0.797s] DEBUG:colcon.colcon_core.shell:Skip shell extension 'dsv' for command environment
[0.816s] DEBUG:colcon.colcon_core.event_handler.log_command:Invoking command in '/home/surafel/vicon_ws/build/vicon_receiver': CMAKE_PREFIX_PATH=/opt/ros/humble /usr/bin/cmake --build /home/surafel/vicon_ws/build/vicon_receiver -- -j1 -l1
[20.720s] DEBUG:colcon.colcon_core.event_handler.log_command:Invoked command in '/home/surafel/vicon_ws/build/vicon_receiver' returned '0': CMAKE_PREFIX_PATH=/opt/ros/humble /usr/bin/cmake --build /home/surafel/vicon_ws/build/vicon_receiver -- -j1 -l1
[20.744s] DEBUG:colcon.colcon_core.event_handler.log_command:Invoking command in '/home/surafel/vicon_ws/build/vicon_receiver': CMAKE_PREFIX_PATH=/opt/ros/humble /usr/bin/cmake --install /home/surafel/vicon_ws/build/vicon_receiver
[20.938s] Level 1:colcon.colcon_core.environment:create_environment_scripts_only(vicon_receiver)
[20.938s] DEBUG:colcon.colcon_core.event_handler.log_command:Invoked command in '/home/surafel/vicon_ws/build/vicon_receiver' returned '0': CMAKE_PREFIX_PATH=/opt/ros/humble /usr/bin/cmake --install /home/surafel/vicon_ws/build/vicon_receiver
[20.943s] Level 1:colcon.colcon_core.environment:checking '/home/surafel/vicon_ws/install/vicon_receiver' for CMake module files
[20.945s] Level 1:colcon.colcon_core.environment:checking '/home/surafel/vicon_ws/install/vicon_receiver' for CMake config files
[20.947s] Level 1:colcon.colcon_core.shell:create_environment_hook('vicon_receiver', 'cmake_prefix_path')
[20.947s] INFO:colcon.colcon_core.shell:Creating environment hook '/home/surafel/vicon_ws/install/vicon_receiver/share/vicon_receiver/hook/cmake_prefix_path.ps1'
[20.949s] INFO:colcon.colcon_core.shell:Creating environment descriptor '/home/surafel/vicon_ws/install/vicon_receiver/share/vicon_receiver/hook/cmake_prefix_path.dsv'
[20.950s] INFO:colcon.colcon_core.shell:Creating environment hook '/home/surafel/vicon_ws/install/vicon_receiver/share/vicon_receiver/hook/cmake_prefix_path.sh'
[20.952s] Level 1:colcon.colcon_core.environment:checking '/home/surafel/vicon_ws/install/vicon_receiver/lib'
[20.952s] Level 1:colcon.colcon_core.shell:create_environment_hook('vicon_receiver', 'ld_library_path_lib')
[20.953s] INFO:colcon.colcon_core.shell:Creating environment hook '/home/surafel/vicon_ws/install/vicon_receiver/share/vicon_receiver/hook/ld_library_path_lib.ps1'
[20.954s] INFO:colcon.colcon_core.shell:Creating environment descriptor '/home/surafel/vicon_ws/install/vicon_receiver/share/vicon_receiver/hook/ld_library_path_lib.dsv'
[20.954s] INFO:colcon.colcon_core.shell:Creating environment hook '/home/surafel/vicon_ws/install/vicon_receiver/share/vicon_receiver/hook/ld_library_path_lib.sh'
[20.955s] Level 1:colcon.colcon_core.environment:checking '/home/surafel/vicon_ws/install/vicon_receiver/bin'
[20.955s] Level 1:colcon.colcon_core.environment:checking '/home/surafel/vicon_ws/install/vicon_receiver/lib/pkgconfig/vicon_receiver.pc'
[20.956s] Level 1:colcon.colcon_core.environment:checking '/home/surafel/vicon_ws/install/vicon_receiver/lib/python3.10/site-packages'
[20.956s] Level 1:colcon.colcon_core.environment:checking '/home/surafel/vicon_ws/install/vicon_receiver/bin'
[20.957s] INFO:colcon.colcon_core.shell:Creating package script '/home/surafel/vicon_ws/install/vicon_receiver/share/vicon_receiver/package.ps1'
[20.958s] INFO:colcon.colcon_core.shell:Creating package descriptor '/home/surafel/vicon_ws/install/vicon_receiver/share/vicon_receiver/package.dsv'
[20.960s] INFO:colcon.colcon_core.shell:Creating package script '/home/surafel/vicon_ws/install/vicon_receiver/share/vicon_receiver/package.sh'
[20.961s] INFO:colcon.colcon_core.shell:Creating package script '/home/surafel/vicon_ws/install/vicon_receiver/share/vicon_receiver/package.bash'
[20.963s] INFO:colcon.colcon_core.shell:Creating package script '/home/surafel/vicon_ws/install/vicon_receiver/share/vicon_receiver/package.zsh'
[20.965s] Level 1:colcon.colcon_core.environment:create_file_with_runtime_dependencies(/home/surafel/vicon_ws/install/vicon_receiver/share/colcon-core/packages/vicon_receiver)
[20.966s] Level 1:colcon.colcon_core.environment:create_environment_scripts_only(vicon_receiver)
[20.966s] Level 1:colcon.colcon_core.environment:checking '/home/surafel/vicon_ws/install/vicon_receiver' for CMake module files
[20.968s] Level 1:colcon.colcon_core.environment:checking '/home/surafel/vicon_ws/install/vicon_receiver' for CMake config files
[20.970s] Level 1:colcon.colcon_core.shell:create_environment_hook('vicon_receiver', 'cmake_prefix_path')
[20.970s] INFO:colcon.colcon_core.shell:Creating environment hook '/home/surafel/vicon_ws/install/vicon_receiver/share/vicon_receiver/hook/cmake_prefix_path.ps1'
[20.972s] INFO:colcon.colcon_core.shell:Creating environment descriptor '/home/surafel/vicon_ws/install/vicon_receiver/share/vicon_receiver/hook/cmake_prefix_path.dsv'
[20.973s] INFO:colcon.colcon_core.shell:Creating environment hook '/home/surafel/vicon_ws/install/vicon_receiver/share/vicon_receiver/hook/cmake_prefix_path.sh'
[20.974s] Level 1:colcon.colcon_core.environment:checking '/home/surafel/vicon_ws/install/vicon_receiver/lib'
[20.974s] Level 1:colcon.colcon_core.shell:create_environment_hook('vicon_receiver', 'ld_library_path_lib')
[20.975s] INFO:colcon.colcon_core.shell:Creating environment hook '/home/surafel/vicon_ws/install/vicon_receiver/share/vicon_receiver/hook/ld_library_path_lib.ps1'
[20.976s] INFO:colcon.colcon_core.shell:Creating environment descriptor '/home/surafel/vicon_ws/install/vicon_receiver/share/vicon_receiver/hook/ld_library_path_lib.dsv'
[20.978s] INFO:colcon.colcon_core.shell:Creating environment hook '/home/surafel/vicon_ws/install/vicon_receiver/share/vicon_receiver/hook/ld_library_path_lib.sh'
[20.980s] Level 1:colcon.colcon_core.environment:checking '/home/surafel/vicon_ws/install/vicon_receiver/bin'
[20.980s] Level 1:colcon.colcon_core.environment:checking '/home/surafel/vicon_ws/install/vicon_receiver/lib/pkgconfig/vicon_receiver.pc'
[20.980s] Level 1:colcon.colcon_core.environment:checking '/home/surafel/vicon_ws/install/vicon_receiver/lib/python3.10/site-packages'
[20.981s] Level 1:colcon.colcon_core.environment:checking '/home/surafel/vicon_ws/install/vicon_receiver/bin'
[20.981s] INFO:colcon.colcon_core.shell:Creating package script '/home/surafel/vicon_ws/install/vicon_receiver/share/vicon_receiver/package.ps1'
[20.982s] INFO:colcon.colcon_core.shell:Creating package descriptor '/home/surafel/vicon_ws/install/vicon_receiver/share/vicon_receiver/package.dsv'
[20.984s] INFO:colcon.colcon_core.shell:Creating package script '/home/surafel/vicon_ws/install/vicon_receiver/share/vicon_receiver/package.sh'
[20.986s] INFO:colcon.colcon_core.shell:Creating package script '/home/surafel/vicon_ws/install/vicon_receiver/share/vicon_receiver/package.bash'
[20.987s] INFO:colcon.colcon_core.shell:Creating package script '/home/surafel/vicon_ws/install/vicon_receiver/share/vicon_receiver/package.zsh'
[20.988s] Level 1:colcon.colcon_core.environment:create_file_with_runtime_dependencies(/home/surafel/vicon_ws/install/vicon_receiver/share/colcon-core/packages/vicon_receiver)
[20.989s] DEBUG:colcon.colcon_parallel_executor.executor.parallel:closing loop
[20.991s] DEBUG:colcon.colcon_parallel_executor.executor.parallel:loop closed
[20.991s] DEBUG:colcon.colcon_parallel_executor.executor.parallel:run_until_complete finished with '0'
[20.991s] DEBUG:colcon.colcon_core.event_reactor:joining thread
[21.001s] INFO:colcon.colcon_core.plugin_system:Skipping extension 'colcon_notification.desktop_notification.terminal_notifier': Not used on non-Darwin systems
[21.002s] INFO:colcon.colcon_core.plugin_system:Skipping extension 'colcon_notification.desktop_notification.win32': Not used on non-Windows systems
[21.002s] INFO:colcon.colcon_notification.desktop_notification:Sending desktop notification using 'notify2'
[21.045s] DEBUG:colcon.colcon_core.event_reactor:joined thread
[21.046s] INFO:colcon.colcon_core.shell:Creating prefix script '/home/surafel/vicon_ws/install/local_setup.ps1'
[21.050s] INFO:colcon.colcon_core.shell:Creating prefix util module '/home/surafel/vicon_ws/install/_local_setup_util_ps1.py'
[21.058s] INFO:colcon.colcon_core.shell:Creating prefix chain script '/home/surafel/vicon_ws/install/setup.ps1'
[21.062s] INFO:colcon.colcon_core.shell:Creating prefix script '/home/surafel/vicon_ws/install/local_setup.sh'
[21.063s] INFO:colcon.colcon_core.shell:Creating prefix util module '/home/surafel/vicon_ws/install/_local_setup_util_sh.py'
[21.068s] INFO:colcon.colcon_core.shell:Creating prefix chain script '/home/surafel/vicon_ws/install/setup.sh'
[21.072s] INFO:colcon.colcon_core.shell:Creating prefix script '/home/surafel/vicon_ws/install/local_setup.bash'
[21.074s] INFO:colcon.colcon_core.shell:Creating prefix chain script '/home/surafel/vicon_ws/install/setup.bash'
[21.078s] INFO:colcon.colcon_core.shell:Creating prefix script '/home/surafel/vicon_ws/install/local_setup.zsh'
[21.081s] INFO:colcon.colcon_core.shell:Creating prefix chain script '/home/surafel/vicon_ws/install/setup.zsh'
